Analysis & Synthesis report for p2
Sun Feb 22 19:41:14 2015
Quartus II 64-Bit Version 13.0.0 Build 156 04/24/2013 SJ Web Edition


---------------------
; Table of Contents ;
---------------------
  1. Legal Notice
  2. Analysis & Synthesis Summary
  3. Analysis & Synthesis Settings
  4. Parallel Compilation
  5. Analysis & Synthesis Source Files Read
  6. Analysis & Synthesis Resource Usage Summary
  7. Analysis & Synthesis Resource Utilization by Entity
  8. General Register Statistics
  9. Parameter Settings for User Entity Instance: regfile:inst5
 10. Parameter Settings for User Entity Instance: single_port_ram_with_init:inst6
 11. Elapsed Time Per Partition
 12. Analysis & Synthesis Messages



----------------
; Legal Notice ;
----------------
Copyright (C) 1991-2013 Altera Corporation
Your use of Altera Corporation's design tools, logic functions 
and other software and tools, and its AMPP partner logic 
functions, and any output files from any of the foregoing 
(including device programming or simulation files), and any 
associated documentation or information are expressly subject 
to the terms and conditions of the Altera Program License 
Subscription Agreement, Altera MegaCore Function License 
Agreement, or other applicable license agreement, including, 
without limitation, that your use is for the sole purpose of 
programming logic devices manufactured by Altera and sold by 
Altera or its authorized distributors.  Please refer to the 
applicable agreement for further details.



+---------------------------------------------------------------------------------+
; Analysis & Synthesis Summary                                                    ;
+------------------------------------+--------------------------------------------+
; Analysis & Synthesis Status        ; Successful - Sun Feb 22 19:41:14 2015      ;
; Quartus II 64-Bit Version          ; 13.0.0 Build 156 04/24/2013 SJ Web Edition ;
; Revision Name                      ; p2                                         ;
; Top-level Entity Name              ; p2                                         ;
; Family                             ; Cyclone IV E                               ;
; Total logic elements               ; 0                                          ;
;     Total combinational functions  ; 0                                          ;
;     Dedicated logic registers      ; 0                                          ;
; Total registers                    ; 0                                          ;
; Total pins                         ; 1                                          ;
; Total virtual pins                 ; 0                                          ;
; Total memory bits                  ; 0                                          ;
; Embedded Multiplier 9-bit elements ; 0                                          ;
; Total PLLs                         ; 0                                          ;
+------------------------------------+--------------------------------------------+


+----------------------------------------------------------------------------------------------------------------------+
; Analysis & Synthesis Settings                                                                                        ;
+----------------------------------------------------------------------------+--------------------+--------------------+
; Option                                                                     ; Setting            ; Default Value      ;
+----------------------------------------------------------------------------+--------------------+--------------------+
; Device                                                                     ; EP4CE55F29C7       ;                    ;
; Top-level entity name                                                      ; p2                 ; p2                 ;
; Family name                                                                ; Cyclone IV E       ; Cyclone IV GX      ;
; Use smart compilation                                                      ; Off                ; Off                ;
; Enable parallel Assembler and TimeQuest Timing Analyzer during compilation ; On                 ; On                 ;
; Enable compact report table                                                ; Off                ; Off                ;
; Restructure Multiplexers                                                   ; Auto               ; Auto               ;
; Create Debugging Nodes for IP Cores                                        ; Off                ; Off                ;
; Preserve fewer node names                                                  ; On                 ; On                 ;
; Disable OpenCore Plus hardware evaluation                                  ; Off                ; Off                ;
; Verilog Version                                                            ; Verilog_2001       ; Verilog_2001       ;
; VHDL Version                                                               ; VHDL_1993          ; VHDL_1993          ;
; State Machine Processing                                                   ; Auto               ; Auto               ;
; Safe State Machine                                                         ; Off                ; Off                ;
; Extract Verilog State Machines                                             ; On                 ; On                 ;
; Extract VHDL State Machines                                                ; On                 ; On                 ;
; Ignore Verilog initial constructs                                          ; Off                ; Off                ;
; Iteration limit for constant Verilog loops                                 ; 5000               ; 5000               ;
; Iteration limit for non-constant Verilog loops                             ; 250                ; 250                ;
; Add Pass-Through Logic to Inferred RAMs                                    ; On                 ; On                 ;
; Infer RAMs from Raw Logic                                                  ; On                 ; On                 ;
; Parallel Synthesis                                                         ; On                 ; On                 ;
; DSP Block Balancing                                                        ; Auto               ; Auto               ;
; NOT Gate Push-Back                                                         ; On                 ; On                 ;
; Power-Up Don't Care                                                        ; On                 ; On                 ;
; Remove Redundant Logic Cells                                               ; Off                ; Off                ;
; Remove Duplicate Registers                                                 ; On                 ; On                 ;
; Ignore CARRY Buffers                                                       ; Off                ; Off                ;
; Ignore CASCADE Buffers                                                     ; Off                ; Off                ;
; Ignore GLOBAL Buffers                                                      ; Off                ; Off                ;
; Ignore ROW GLOBAL Buffers                                                  ; Off                ; Off                ;
; Ignore LCELL Buffers                                                       ; Off                ; Off                ;
; Ignore SOFT Buffers                                                        ; On                 ; On                 ;
; Limit AHDL Integers to 32 Bits                                             ; Off                ; Off                ;
; Optimization Technique                                                     ; Balanced           ; Balanced           ;
; Carry Chain Length                                                         ; 70                 ; 70                 ;
; Auto Carry Chains                                                          ; On                 ; On                 ;
; Auto Open-Drain Pins                                                       ; On                 ; On                 ;
; Perform WYSIWYG Primitive Resynthesis                                      ; Off                ; Off                ;
; Auto ROM Replacement                                                       ; On                 ; On                 ;
; Auto RAM Replacement                                                       ; On                 ; On                 ;
; Auto DSP Block Replacement                                                 ; On                 ; On                 ;
; Auto Shift Register Replacement                                            ; Auto               ; Auto               ;
; Allow Shift Register Merging across Hierarchies                            ; Auto               ; Auto               ;
; Auto Clock Enable Replacement                                              ; On                 ; On                 ;
; Strict RAM Replacement                                                     ; Off                ; Off                ;
; Allow Synchronous Control Signals                                          ; On                 ; On                 ;
; Force Use of Synchronous Clear Signals                                     ; Off                ; Off                ;
; Auto RAM Block Balancing                                                   ; On                 ; On                 ;
; Auto RAM to Logic Cell Conversion                                          ; Off                ; Off                ;
; Auto Resource Sharing                                                      ; Off                ; Off                ;
; Allow Any RAM Size For Recognition                                         ; Off                ; Off                ;
; Allow Any ROM Size For Recognition                                         ; Off                ; Off                ;
; Allow Any Shift Register Size For Recognition                              ; Off                ; Off                ;
; Use LogicLock Constraints during Resource Balancing                        ; On                 ; On                 ;
; Ignore translate_off and synthesis_off directives                          ; Off                ; Off                ;
; Timing-Driven Synthesis                                                    ; On                 ; On                 ;
; Report Parameter Settings                                                  ; On                 ; On                 ;
; Report Source Assignments                                                  ; On                 ; On                 ;
; Report Connectivity Checks                                                 ; On                 ; On                 ;
; Ignore Maximum Fan-Out Assignments                                         ; Off                ; Off                ;
; Synchronization Register Chain Length                                      ; 2                  ; 2                  ;
; PowerPlay Power Optimization                                               ; Normal compilation ; Normal compilation ;
; HDL message level                                                          ; Level2             ; Level2             ;
; Suppress Register Optimization Related Messages                            ; Off                ; Off                ;
; Number of Removed Registers Reported in Synthesis Report                   ; 5000               ; 5000               ;
; Number of Swept Nodes Reported in Synthesis Report                         ; 5000               ; 5000               ;
; Number of Inverted Registers Reported in Synthesis Report                  ; 100                ; 100                ;
; Clock MUX Protection                                                       ; On                 ; On                 ;
; Auto Gated Clock Conversion                                                ; Off                ; Off                ;
; Block Design Naming                                                        ; Auto               ; Auto               ;
; SDC constraint protection                                                  ; Off                ; Off                ;
; Synthesis Effort                                                           ; Auto               ; Auto               ;
; Shift Register Replacement - Allow Asynchronous Clear Signal               ; On                 ; On                 ;
; Pre-Mapping Resynthesis Optimization                                       ; Off                ; Off                ;
; Analysis & Synthesis Message Level                                         ; Medium             ; Medium             ;
; Disable Register Merging Across Hierarchies                                ; Auto               ; Auto               ;
; Resource Aware Inference For Block RAM                                     ; On                 ; On                 ;
; Synthesis Seed                                                             ; 1                  ; 1                  ;
+----------------------------------------------------------------------------+--------------------+--------------------+


Parallel compilation was disabled, but you have multiple processors available. Enable parallel compilation to reduce compilation time.
+-------------------------------------+
; Parallel Compilation                ;
+----------------------------+--------+
; Processors                 ; Number ;
+----------------------------+--------+
; Number detected on machine ; 8      ;
; Maximum allowed            ; 1      ;
+----------------------------+--------+


+------------------------------------------------------------------------------------------------------------------------------------------------------------------------------------+
; Analysis & Synthesis Source Files Read                                                                                                                                             ;
+----------------------------------+-----------------+------------------------------------+--------------------------------------------------------------------------------+---------+
; File Name with User-Entered Path ; Used in Netlist ; File Type                          ; File Name with Absolute Path                                                   ; Library ;
+----------------------------------+-----------------+------------------------------------+--------------------------------------------------------------------------------+---------+
; instrROM.v                       ; yes             ; User Verilog HDL File              ; C:/Users/Administrator/Desktop/8-BIT-FMAT/Verilog/modules/instrROM.v           ;         ;
; fetchUnit.v                      ; yes             ; User Verilog HDL File              ; C:/Users/Administrator/Desktop/8-BIT-FMAT/Verilog/modules/fetchUnit.v          ;         ;
; regfile.v                        ; yes             ; User Verilog HDL File              ; C:/Users/Administrator/Desktop/8-BIT-FMAT/Verilog/modules/regfile.v            ;         ;
; p2.bdf                           ; yes             ; User Block Diagram/Schematic File  ; C:/Users/Administrator/Desktop/8-BIT-FMAT/Verilog/modules/p2.bdf               ;         ;
; fmat_alu_testbench.v             ; yes             ; User Verilog HDL File              ; C:/Users/Administrator/Desktop/8-BIT-FMAT/Verilog/modules/fmat_alu_testbench.v ;         ;
; datamem.v                        ; yes             ; User Verilog HDL File              ; C:/Users/Administrator/Desktop/8-BIT-FMAT/Verilog/modules/datamem.v            ;         ;
; control.v                        ; yes             ; User Verilog HDL File              ; C:/Users/Administrator/Desktop/8-BIT-FMAT/Verilog/modules/control.v            ;         ;
; mux4_1.v                         ; yes             ; User Verilog HDL File              ; C:/Users/Administrator/Desktop/8-BIT-FMAT/Verilog/modules/mux4_1.v             ;         ;
; to_flag.v                        ; yes             ; User Verilog HDL File              ; C:/Users/Administrator/Desktop/8-BIT-FMAT/Verilog/modules/to_flag.v            ;         ;
; fmat_alu.v                       ; yes             ; Auto-Found Verilog HDL File        ; C:/Users/Administrator/Desktop/8-BIT-FMAT/Verilog/modules/fmat_alu.v           ;         ;
+----------------------------------+-----------------+------------------------------------+--------------------------------------------------------------------------------+---------+


+-----------------------------------------------------+
; Analysis & Synthesis Resource Usage Summary         ;
+---------------------------------------------+-------+
; Resource                                    ; Usage ;
+---------------------------------------------+-------+
;                                             ;       ;
; Total combinational functions               ; 0     ;
; Logic element usage by number of LUT inputs ;       ;
;     -- 4 input functions                    ; 0     ;
;     -- 3 input functions                    ; 0     ;
;     -- <=2 input functions                  ; 0     ;
;                                             ;       ;
; Logic elements by mode                      ;       ;
;     -- normal mode                          ; 0     ;
;     -- arithmetic mode                      ; 0     ;
;                                             ;       ;
; Total registers                             ; 0     ;
;     -- Dedicated logic registers            ; 0     ;
;     -- I/O registers                        ; 0     ;
;                                             ;       ;
; I/O pins                                    ; 1     ;
; Embedded Multiplier 9-bit elements          ; 0     ;
; Maximum fan-out node                        ; clk   ;
; Maximum fan-out                             ; 1     ;
; Total fan-out                               ; 1     ;
; Average fan-out                             ; 0.50  ;
+---------------------------------------------+-------+


+-----------------------------------------------------------------------------------------------------------------------------------------------------------------------------+
; Analysis & Synthesis Resource Utilization by Entity                                                                                                                         ;
+----------------------------+-------------------+--------------+-------------+--------------+---------+-----------+------+--------------+---------------------+--------------+
; Compilation Hierarchy Node ; LC Combinationals ; LC Registers ; Memory Bits ; DSP Elements ; DSP 9x9 ; DSP 18x18 ; Pins ; Virtual Pins ; Full Hierarchy Name ; Library Name ;
+----------------------------+-------------------+--------------+-------------+--------------+---------+-----------+------+--------------+---------------------+--------------+
; |p2                        ; 0 (0)             ; 0 (0)        ; 0           ; 0            ; 0       ; 0         ; 1    ; 0            ; |p2                 ;              ;
+----------------------------+-------------------+--------------+-------------+--------------+---------+-----------+------+--------------+---------------------+--------------+
Note: For table entries with two numbers listed, the numbers in parentheses indicate the number of resources of the given type used by the specific entity alone. The numbers listed outside of parentheses indicate the total resources of the given type used by the specific entity and all of its sub-entities in the hierarchy.


+------------------------------------------------------+
; General Register Statistics                          ;
+----------------------------------------------+-------+
; Statistic                                    ; Value ;
+----------------------------------------------+-------+
; Total registers                              ; 0     ;
; Number of registers using Synchronous Clear  ; 0     ;
; Number of registers using Synchronous Load   ; 0     ;
; Number of registers using Asynchronous Clear ; 0     ;
; Number of registers using Asynchronous Load  ; 0     ;
; Number of registers using Clock Enable       ; 0     ;
; Number of registers using Preset             ; 0     ;
+----------------------------------------------+-------+


+------------------------------------------------------------+
; Parameter Settings for User Entity Instance: regfile:inst5 ;
+---------------------+-------+------------------------------+
; Parameter Name      ; Value ; Type                         ;
+---------------------+-------+------------------------------+
; DATA_WIDTH          ; 8     ; Signed Integer               ;
; REGISTER_FILE_WIDTH ; 16    ; Signed Integer               ;
+---------------------+-------+------------------------------+
Note: In order to hide this table in the UI and the text report file, please set the "Show Parameter Settings in Synthesis Report" option in "Analysis and Synthesis Settings -> More Settings" to "Off".


+------------------------------------------------------------------------------+
; Parameter Settings for User Entity Instance: single_port_ram_with_init:inst6 ;
+----------------+-------+-----------------------------------------------------+
; Parameter Name ; Value ; Type                                                ;
+----------------+-------+-----------------------------------------------------+
; ADDR_WIDTH     ; 8     ; Signed Integer                                      ;
+----------------+-------+-----------------------------------------------------+
Note: In order to hide this table in the UI and the text report file, please set the "Show Parameter Settings in Synthesis Report" option in "Analysis and Synthesis Settings -> More Settings" to "Off".


+-------------------------------+
; Elapsed Time Per Partition    ;
+----------------+--------------+
; Partition Name ; Elapsed Time ;
+----------------+--------------+
; Top            ; 00:00:01     ;
+----------------+--------------+


+-------------------------------+
; Analysis & Synthesis Messages ;
+-------------------------------+
Info: *******************************************************************
Info: Running Quartus II 64-Bit Analysis & Synthesis
    Info: Version 13.0.0 Build 156 04/24/2013 SJ Web Edition
    Info: Processing started: Sun Feb 22 19:41:11 2015
Info: Command: quartus_map --read_settings_files=on --write_settings_files=off p2 -c p2
Warning (20028): Parallel compilation is not licensed and has been disabled
Info (12021): Found 0 design units, including 0 entities, in source file opcodes.v
Warning (10229): Verilog HDL Expression warning at instrROM.v(17): truncated literal to match 2 bits
Warning (10229): Verilog HDL Expression warning at instrROM.v(18): truncated literal to match 2 bits
Warning (10229): Verilog HDL Expression warning at instrROM.v(19): truncated literal to match 2 bits
Warning (10229): Verilog HDL Expression warning at instrROM.v(20): truncated literal to match 2 bits
Warning (10229): Verilog HDL Expression warning at instrROM.v(21): truncated literal to match 2 bits
Warning (10229): Verilog HDL Expression warning at instrROM.v(22): truncated literal to match 2 bits
Warning (10229): Verilog HDL Expression warning at instrROM.v(23): truncated literal to match 2 bits
Warning (10229): Verilog HDL Expression warning at instrROM.v(24): truncated literal to match 2 bits
Warning (10229): Verilog HDL Expression warning at instrROM.v(25): truncated literal to match 2 bits
Warning (10229): Verilog HDL Expression warning at instrROM.v(26): truncated literal to match 2 bits
Warning (10229): Verilog HDL Expression warning at instrROM.v(27): truncated literal to match 2 bits
Warning (10229): Verilog HDL Expression warning at instrROM.v(28): truncated literal to match 2 bits
Warning (10229): Verilog HDL Expression warning at instrROM.v(30): truncated literal to match 2 bits
Warning (10229): Verilog HDL Expression warning at instrROM.v(32): truncated literal to match 2 bits
Warning (10229): Verilog HDL Expression warning at instrROM.v(33): truncated literal to match 2 bits
Warning (10229): Verilog HDL Expression warning at instrROM.v(34): truncated literal to match 2 bits
Warning (10229): Verilog HDL Expression warning at instrROM.v(35): truncated literal to match 2 bits
Warning (10229): Verilog HDL Expression warning at instrROM.v(36): truncated literal to match 2 bits
Warning (10229): Verilog HDL Expression warning at instrROM.v(37): truncated literal to match 2 bits
Warning (10229): Verilog HDL Expression warning at instrROM.v(39): truncated literal to match 2 bits
Warning (10229): Verilog HDL Expression warning at instrROM.v(41): truncated literal to match 2 bits
Warning (10229): Verilog HDL Expression warning at instrROM.v(42): truncated literal to match 2 bits
Warning (10229): Verilog HDL Expression warning at instrROM.v(43): truncated literal to match 2 bits
Warning (10229): Verilog HDL Expression warning at instrROM.v(44): truncated literal to match 2 bits
Warning (10229): Verilog HDL Expression warning at instrROM.v(45): truncated literal to match 2 bits
Warning (10229): Verilog HDL Expression warning at instrROM.v(46): truncated literal to match 2 bits
Warning (10229): Verilog HDL Expression warning at instrROM.v(48): truncated literal to match 2 bits
Warning (10229): Verilog HDL Expression warning at instrROM.v(49): truncated literal to match 2 bits
Warning (10229): Verilog HDL Expression warning at instrROM.v(50): truncated literal to match 2 bits
Warning (10229): Verilog HDL Expression warning at instrROM.v(51): truncated literal to match 2 bits
Warning (10229): Verilog HDL Expression warning at instrROM.v(52): truncated literal to match 2 bits
Warning (10229): Verilog HDL Expression warning at instrROM.v(53): truncated literal to match 2 bits
Warning (10229): Verilog HDL Expression warning at instrROM.v(55): truncated literal to match 2 bits
Warning (10229): Verilog HDL Expression warning at instrROM.v(56): truncated literal to match 2 bits
Warning (10229): Verilog HDL Expression warning at instrROM.v(57): truncated literal to match 2 bits
Warning (10229): Verilog HDL Expression warning at instrROM.v(58): truncated literal to match 2 bits
Warning (10229): Verilog HDL Expression warning at instrROM.v(59): truncated literal to match 2 bits
Warning (10229): Verilog HDL Expression warning at instrROM.v(60): truncated literal to match 2 bits
Warning (10229): Verilog HDL Expression warning at instrROM.v(62): truncated literal to match 2 bits
Warning (10229): Verilog HDL Expression warning at instrROM.v(63): truncated literal to match 2 bits
Warning (10229): Verilog HDL Expression warning at instrROM.v(64): truncated literal to match 2 bits
Warning (10229): Verilog HDL Expression warning at instrROM.v(65): truncated literal to match 2 bits
Warning (10229): Verilog HDL Expression warning at instrROM.v(66): truncated literal to match 2 bits
Warning (10229): Verilog HDL Expression warning at instrROM.v(67): truncated literal to match 2 bits
Warning (10229): Verilog HDL Expression warning at instrROM.v(68): truncated literal to match 2 bits
Warning (10229): Verilog HDL Expression warning at instrROM.v(69): truncated literal to match 2 bits
Warning (10229): Verilog HDL Expression warning at instrROM.v(70): truncated literal to match 2 bits
Warning (10229): Verilog HDL Expression warning at instrROM.v(71): truncated literal to match 2 bits
Warning (10229): Verilog HDL Expression warning at instrROM.v(73): truncated literal to match 2 bits
Warning (10229): Verilog HDL Expression warning at instrROM.v(74): truncated literal to match 2 bits
Warning (10229): Verilog HDL Expression warning at instrROM.v(75): truncated literal to match 2 bits
Warning (10229): Verilog HDL Expression warning at instrROM.v(76): truncated literal to match 2 bits
Warning (10229): Verilog HDL Expression warning at instrROM.v(77): truncated literal to match 2 bits
Warning (10229): Verilog HDL Expression warning at instrROM.v(78): truncated literal to match 2 bits
Warning (10229): Verilog HDL Expression warning at instrROM.v(79): truncated literal to match 2 bits
Warning (10229): Verilog HDL Expression warning at instrROM.v(80): truncated literal to match 2 bits
Warning (10229): Verilog HDL Expression warning at instrROM.v(81): truncated literal to match 2 bits
Warning (10229): Verilog HDL Expression warning at instrROM.v(82): truncated literal to match 2 bits
Warning (10229): Verilog HDL Expression warning at instrROM.v(83): truncated literal to match 2 bits
Warning (10229): Verilog HDL Expression warning at instrROM.v(87): truncated literal to match 2 bits
Warning (10229): Verilog HDL Expression warning at instrROM.v(88): truncated literal to match 2 bits
Warning (10229): Verilog HDL Expression warning at instrROM.v(89): truncated literal to match 2 bits
Warning (10229): Verilog HDL Expression warning at instrROM.v(90): truncated literal to match 2 bits
Warning (10229): Verilog HDL Expression warning at instrROM.v(91): truncated literal to match 2 bits
Warning (10229): Verilog HDL Expression warning at instrROM.v(92): truncated literal to match 2 bits
Warning (10229): Verilog HDL Expression warning at instrROM.v(93): truncated literal to match 2 bits
Warning (10229): Verilog HDL Expression warning at instrROM.v(94): truncated literal to match 2 bits
Warning (10229): Verilog HDL Expression warning at instrROM.v(96): truncated literal to match 2 bits
Warning (10229): Verilog HDL Expression warning at instrROM.v(97): truncated literal to match 2 bits
Warning (10229): Verilog HDL Expression warning at instrROM.v(98): truncated literal to match 2 bits
Warning (10229): Verilog HDL Expression warning at instrROM.v(100): truncated literal to match 2 bits
Warning (10229): Verilog HDL Expression warning at instrROM.v(101): truncated literal to match 2 bits
Warning (10229): Verilog HDL Expression warning at instrROM.v(102): truncated literal to match 2 bits
Warning (10229): Verilog HDL Expression warning at instrROM.v(103): truncated literal to match 2 bits
Warning (10229): Verilog HDL Expression warning at instrROM.v(104): truncated literal to match 2 bits
Warning (10229): Verilog HDL Expression warning at instrROM.v(106): truncated literal to match 2 bits
Warning (10229): Verilog HDL Expression warning at instrROM.v(107): truncated literal to match 2 bits
Warning (10229): Verilog HDL Expression warning at instrROM.v(108): truncated literal to match 2 bits
Warning (10229): Verilog HDL Expression warning at instrROM.v(110): truncated literal to match 2 bits
Warning (10229): Verilog HDL Expression warning at instrROM.v(111): truncated literal to match 2 bits
Warning (10229): Verilog HDL Expression warning at instrROM.v(112): truncated literal to match 2 bits
Warning (10229): Verilog HDL Expression warning at instrROM.v(113): truncated literal to match 2 bits
Warning (10229): Verilog HDL Expression warning at instrROM.v(114): truncated literal to match 2 bits
Warning (10229): Verilog HDL Expression warning at instrROM.v(115): truncated literal to match 2 bits
Warning (10229): Verilog HDL Expression warning at instrROM.v(116): truncated literal to match 2 bits
Warning (10229): Verilog HDL Expression warning at instrROM.v(117): truncated literal to match 2 bits
Warning (10229): Verilog HDL Expression warning at instrROM.v(118): truncated literal to match 2 bits
Warning (10229): Verilog HDL Expression warning at instrROM.v(119): truncated literal to match 2 bits
Warning (10229): Verilog HDL Expression warning at instrROM.v(121): truncated literal to match 2 bits
Warning (10229): Verilog HDL Expression warning at instrROM.v(122): truncated literal to match 2 bits
Warning (10229): Verilog HDL Expression warning at instrROM.v(123): truncated literal to match 2 bits
Warning (10229): Verilog HDL Expression warning at instrROM.v(124): truncated literal to match 2 bits
Warning (10229): Verilog HDL Expression warning at instrROM.v(125): truncated literal to match 2 bits
Warning (10229): Verilog HDL Expression warning at instrROM.v(126): truncated literal to match 2 bits
Warning (10229): Verilog HDL Expression warning at instrROM.v(127): truncated literal to match 2 bits
Warning (10229): Verilog HDL Expression warning at instrROM.v(128): truncated literal to match 2 bits
Warning (10229): Verilog HDL Expression warning at instrROM.v(129): truncated literal to match 2 bits
Warning (10229): Verilog HDL Expression warning at instrROM.v(131): truncated literal to match 2 bits
Warning (10229): Verilog HDL Expression warning at instrROM.v(132): truncated literal to match 2 bits
Warning (10229): Verilog HDL Expression warning at instrROM.v(133): truncated literal to match 2 bits
Warning (10229): Verilog HDL Expression warning at instrROM.v(134): truncated literal to match 2 bits
Warning (10229): Verilog HDL Expression warning at instrROM.v(135): truncated literal to match 2 bits
Warning (10229): Verilog HDL Expression warning at instrROM.v(137): truncated literal to match 2 bits
Warning (10229): Verilog HDL Expression warning at instrROM.v(138): truncated literal to match 2 bits
Warning (10229): Verilog HDL Expression warning at instrROM.v(139): truncated literal to match 2 bits
Warning (10229): Verilog HDL Expression warning at instrROM.v(140): truncated literal to match 2 bits
Warning (10229): Verilog HDL Expression warning at instrROM.v(141): truncated literal to match 2 bits
Info (12021): Found 1 design units, including 1 entities, in source file instrrom.v
    Info (12023): Found entity 1: inst_rom
Info (12021): Found 1 design units, including 1 entities, in source file fetchunit.v
    Info (12023): Found entity 1: fetchUnit
Warning (12019): Can't analyze file -- file alu.v is missing
Info (12021): Found 1 design units, including 1 entities, in source file regfile.v
    Info (12023): Found entity 1: regfile
Info (12021): Found 1 design units, including 1 entities, in source file p2.bdf
    Info (12023): Found entity 1: p2
Info (12021): Found 1 design units, including 1 entities, in source file fetchunit_testbench.v
    Info (12023): Found entity 1: fetchUnit_testbench
Info (12021): Found 1 design units, including 1 entities, in source file fmat_alu_testbench.v
    Info (12023): Found entity 1: fmat_alu_testbench
Info (12021): Found 1 design units, including 1 entities, in source file datamem.v
    Info (12023): Found entity 1: single_port_ram_with_init
Warning (10274): Verilog HDL macro warning at control.v(2): overriding existing definition for macro "ALU_ADD", which was defined in "fmat_alu_testbench.v", line 2
Warning (10274): Verilog HDL macro warning at control.v(3): overriding existing definition for macro "ALU_SUB", which was defined in "fmat_alu_testbench.v", line 3
Warning (10274): Verilog HDL macro warning at control.v(4): overriding existing definition for macro "ALU_AND", which was defined in "fmat_alu_testbench.v", line 4
Warning (10274): Verilog HDL macro warning at control.v(5): overriding existing definition for macro "ALU_OR", which was defined in "fmat_alu_testbench.v", line 5
Warning (10274): Verilog HDL macro warning at control.v(6): overriding existing definition for macro "ALU_NOT", which was defined in "fmat_alu_testbench.v", line 6
Warning (10274): Verilog HDL macro warning at control.v(7): overriding existing definition for macro "ALU_LSHIFT", which was defined in "fmat_alu_testbench.v", line 7
Warning (10274): Verilog HDL macro warning at control.v(8): overriding existing definition for macro "ALU_RSHIFT", which was defined in "fmat_alu_testbench.v", line 8
Info (12021): Found 1 design units, including 1 entities, in source file control.v
    Info (12023): Found entity 1: control
Warning (12019): Can't analyze file -- file 2_1mux.v is missing
Warning (12019): Can't analyze file -- file 4_1mux.v is missing
Warning (12019): Can't analyze file -- file module mux2_1.v is missing
Info (12021): Found 1 design units, including 1 entities, in source file mux2_1.v
    Info (12023): Found entity 1: mux2_1
Info (12021): Found 1 design units, including 1 entities, in source file mux4_1.v
    Info (12023): Found entity 1: mux4_1
Info (12021): Found 1 design units, including 1 entities, in source file to_flag.v
    Info (12023): Found entity 1: to_flag
Warning (10236): Verilog HDL Implicit Net warning at fmat_alu_testbench.v(76): created implicit net for "ovrflw_o_alu"
Info (12127): Elaborating entity "p2" for the top level hierarchy
Info (12128): Elaborating entity "fetchUnit" for hierarchy "fetchUnit:inst"
Warning (10230): Verilog HDL assignment warning at fetchUnit.v(21): truncated value with size 32 to match size of target (8)
Info (12128): Elaborating entity "control" for hierarchy "control:inst7"
Warning (10855): Verilog HDL warning at control.v(76): initial value for variable registers should be constant
Warning (10027): Verilog HDL or VHDL warning at the control.v(113): index expression is not wide enough to address all of the elements in the array
Warning (10027): Verilog HDL or VHDL warning at the control.v(130): index expression is not wide enough to address all of the elements in the array
Warning (10230): Verilog HDL assignment warning at control.v(140): truncated value with size 32 to match size of target (4)
Warning (10230): Verilog HDL assignment warning at control.v(147): truncated value with size 32 to match size of target (4)
Warning (10230): Verilog HDL assignment warning at control.v(154): truncated value with size 32 to match size of target (4)
Warning (10230): Verilog HDL assignment warning at control.v(161): truncated value with size 32 to match size of target (4)
Warning (10230): Verilog HDL assignment warning at control.v(162): truncated value with size 32 to match size of target (8)
Warning (10027): Verilog HDL or VHDL warning at the control.v(169): index expression is not wide enough to address all of the elements in the array
Warning (10027): Verilog HDL or VHDL warning at the control.v(170): index expression is not wide enough to address all of the elements in the array
Warning (10230): Verilog HDL assignment warning at control.v(173): truncated value with size 32 to match size of target (4)
Warning (10027): Verilog HDL or VHDL warning at the control.v(178): index expression is not wide enough to address all of the elements in the array
Warning (10027): Verilog HDL or VHDL warning at the control.v(179): index expression is not wide enough to address all of the elements in the array
Warning (10230): Verilog HDL assignment warning at control.v(182): truncated value with size 32 to match size of target (4)
Warning (10027): Verilog HDL or VHDL warning at the control.v(187): index expression is not wide enough to address all of the elements in the array
Warning (10027): Verilog HDL or VHDL warning at the control.v(196): index expression is not wide enough to address all of the elements in the array
Warning (10027): Verilog HDL or VHDL warning at the control.v(197): index expression is not wide enough to address all of the elements in the array
Warning (10230): Verilog HDL assignment warning at control.v(200): truncated value with size 32 to match size of target (4)
Warning (10027): Verilog HDL or VHDL warning at the control.v(205): index expression is not wide enough to address all of the elements in the array
Warning (10027): Verilog HDL or VHDL warning at the control.v(206): index expression is not wide enough to address all of the elements in the array
Warning (10230): Verilog HDL assignment warning at control.v(209): truncated value with size 32 to match size of target (4)
Warning (10027): Verilog HDL or VHDL warning at the control.v(214): index expression is not wide enough to address all of the elements in the array
Warning (10230): Verilog HDL assignment warning at control.v(223): truncated value with size 32 to match size of target (4)
Warning (10027): Verilog HDL or VHDL warning at the control.v(224): index expression is not wide enough to address all of the elements in the array
Warning (10027): Verilog HDL or VHDL warning at the control.v(231): index expression is not wide enough to address all of the elements in the array
Warning (10027): Verilog HDL or VHDL warning at the control.v(240): index expression is not wide enough to address all of the elements in the array
Warning (10027): Verilog HDL or VHDL warning at the control.v(248): index expression is not wide enough to address all of the elements in the array
Warning (10230): Verilog HDL assignment warning at control.v(254): truncated value with size 32 to match size of target (4)
Warning (10027): Verilog HDL or VHDL warning at the control.v(263): index expression is not wide enough to address all of the elements in the array
Warning (10027): Verilog HDL or VHDL warning at the control.v(271): index expression is not wide enough to address all of the elements in the array
Warning (10027): Verilog HDL or VHDL warning at the control.v(276): index expression is not wide enough to address all of the elements in the array
Warning (10027): Verilog HDL or VHDL warning at the control.v(286): index expression is not wide enough to address all of the elements in the array
Warning (10027): Verilog HDL or VHDL warning at the control.v(291): index expression is not wide enough to address all of the elements in the array
Warning (10027): Verilog HDL or VHDL warning at the control.v(296): index expression is not wide enough to address all of the elements in the array
Warning (10240): Verilog HDL Always Construct warning at control.v(112): inferring latch(es) for variable "destination_o", which holds its previous value in one or more paths through the always construct
Warning (10240): Verilog HDL Always Construct warning at control.v(112): inferring latch(es) for variable "A_o", which holds its previous value in one or more paths through the always construct
Warning (10240): Verilog HDL Always Construct warning at control.v(112): inferring latch(es) for variable "B_o", which holds its previous value in one or more paths through the always construct
Warning (10240): Verilog HDL Always Construct warning at control.v(112): inferring latch(es) for variable "aluOpcode_o", which holds its previous value in one or more paths through the always construct
Warning (10240): Verilog HDL Always Construct warning at control.v(112): inferring latch(es) for variable "regfileWriteEnable_o", which holds its previous value in one or more paths through the always construct
Warning (10240): Verilog HDL Always Construct warning at control.v(112): inferring latch(es) for variable "regfileWriteAddr_o", which holds its previous value in one or more paths through the always construct
Warning (10240): Verilog HDL Always Construct warning at control.v(112): inferring latch(es) for variable "bypassData_o", which holds its previous value in one or more paths through the always construct
Warning (10240): Verilog HDL Always Construct warning at control.v(112): inferring latch(es) for variable "writeEnable_o", which holds its previous value in one or more paths through the always construct
Warning (10240): Verilog HDL Always Construct warning at control.v(112): inferring latch(es) for variable "readEnable_o", which holds its previous value in one or more paths through the always construct
Warning (10240): Verilog HDL Always Construct warning at control.v(112): inferring latch(es) for variable "dataAddr_o", which holds its previous value in one or more paths through the always construct
Warning (10240): Verilog HDL Always Construct warning at control.v(112): inferring latch(es) for variable "writeData_o", which holds its previous value in one or more paths through the always construct
Warning (10240): Verilog HDL Always Construct warning at control.v(112): inferring latch(es) for variable "halt_o", which holds its previous value in one or more paths through the always construct
Warning (10030): Net "registers" at control.v(74) has no driver or initial value, using a default initial value '0'
Info (10041): Inferred latch for "halt_o" at control.v(112)
Info (10041): Inferred latch for "writeData_o[0]" at control.v(112)
Info (10041): Inferred latch for "writeData_o[1]" at control.v(112)
Info (10041): Inferred latch for "writeData_o[2]" at control.v(112)
Info (10041): Inferred latch for "writeData_o[3]" at control.v(112)
Info (10041): Inferred latch for "writeData_o[4]" at control.v(112)
Info (10041): Inferred latch for "writeData_o[5]" at control.v(112)
Info (10041): Inferred latch for "writeData_o[6]" at control.v(112)
Info (10041): Inferred latch for "writeData_o[7]" at control.v(112)
Info (10041): Inferred latch for "dataAddr_o[0]" at control.v(112)
Info (10041): Inferred latch for "dataAddr_o[1]" at control.v(112)
Info (10041): Inferred latch for "dataAddr_o[2]" at control.v(112)
Info (10041): Inferred latch for "dataAddr_o[3]" at control.v(112)
Info (10041): Inferred latch for "dataAddr_o[4]" at control.v(112)
Info (10041): Inferred latch for "dataAddr_o[5]" at control.v(112)
Info (10041): Inferred latch for "dataAddr_o[6]" at control.v(112)
Info (10041): Inferred latch for "dataAddr_o[7]" at control.v(112)
Info (10041): Inferred latch for "readEnable_o" at control.v(112)
Info (10041): Inferred latch for "writeEnable_o" at control.v(112)
Info (10041): Inferred latch for "bypassData_o[0]" at control.v(112)
Info (10041): Inferred latch for "bypassData_o[1]" at control.v(112)
Info (10041): Inferred latch for "bypassData_o[2]" at control.v(112)
Info (10041): Inferred latch for "bypassData_o[3]" at control.v(112)
Info (10041): Inferred latch for "bypassData_o[4]" at control.v(112)
Info (10041): Inferred latch for "bypassData_o[5]" at control.v(112)
Info (10041): Inferred latch for "bypassData_o[6]" at control.v(112)
Info (10041): Inferred latch for "bypassData_o[7]" at control.v(112)
Info (10041): Inferred latch for "regfileWriteAddr_o[0]" at control.v(112)
Info (10041): Inferred latch for "regfileWriteAddr_o[1]" at control.v(112)
Info (10041): Inferred latch for "regfileWriteAddr_o[2]" at control.v(112)
Info (10041): Inferred latch for "regfileWriteAddr_o[3]" at control.v(112)
Info (10041): Inferred latch for "regfileWriteEnable_o" at control.v(112)
Info (10041): Inferred latch for "aluOpcode_o[0]" at control.v(112)
Info (10041): Inferred latch for "aluOpcode_o[1]" at control.v(112)
Info (10041): Inferred latch for "aluOpcode_o[2]" at control.v(112)
Info (10041): Inferred latch for "aluOpcode_o[3]" at control.v(112)
Info (10041): Inferred latch for "B_o[0]" at control.v(112)
Info (10041): Inferred latch for "B_o[1]" at control.v(112)
Info (10041): Inferred latch for "B_o[2]" at control.v(112)
Info (10041): Inferred latch for "B_o[3]" at control.v(112)
Info (10041): Inferred latch for "B_o[4]" at control.v(112)
Info (10041): Inferred latch for "B_o[5]" at control.v(112)
Info (10041): Inferred latch for "B_o[6]" at control.v(112)
Info (10041): Inferred latch for "B_o[7]" at control.v(112)
Info (10041): Inferred latch for "A_o[0]" at control.v(112)
Info (10041): Inferred latch for "A_o[1]" at control.v(112)
Info (10041): Inferred latch for "A_o[2]" at control.v(112)
Info (10041): Inferred latch for "A_o[3]" at control.v(112)
Info (10041): Inferred latch for "A_o[4]" at control.v(112)
Info (10041): Inferred latch for "A_o[5]" at control.v(112)
Info (10041): Inferred latch for "A_o[6]" at control.v(112)
Info (10041): Inferred latch for "A_o[7]" at control.v(112)
Info (10041): Inferred latch for "destination_o[0]" at control.v(112)
Info (10041): Inferred latch for "destination_o[1]" at control.v(112)
Info (12128): Elaborating entity "regfile" for hierarchy "regfile:inst5"
Warning (10199): Verilog HDL Case Statement warning at regfile.v(84): case item expression never matches the case expression
Warning (10199): Verilog HDL Case Statement warning at regfile.v(85): case item expression never matches the case expression
Warning (10199): Verilog HDL Case Statement warning at regfile.v(86): case item expression never matches the case expression
Warning (10199): Verilog HDL Case Statement warning at regfile.v(87): case item expression never matches the case expression
Warning (10199): Verilog HDL Case Statement warning at regfile.v(88): case item expression never matches the case expression
Warning (10199): Verilog HDL Case Statement warning at regfile.v(89): case item expression never matches the case expression
Warning (10199): Verilog HDL Case Statement warning at regfile.v(90): case item expression never matches the case expression
Warning (10199): Verilog HDL Case Statement warning at regfile.v(91): case item expression never matches the case expression
Warning (10199): Verilog HDL Case Statement warning at regfile.v(92): case item expression never matches the case expression
Warning (10199): Verilog HDL Case Statement warning at regfile.v(93): case item expression never matches the case expression
Warning (10199): Verilog HDL Case Statement warning at regfile.v(94): case item expression never matches the case expression
Warning (10199): Verilog HDL Case Statement warning at regfile.v(95): case item expression never matches the case expression
Warning (10199): Verilog HDL Case Statement warning at regfile.v(96): case item expression never matches the case expression
Warning (10199): Verilog HDL Case Statement warning at regfile.v(97): case item expression never matches the case expression
Warning (10199): Verilog HDL Case Statement warning at regfile.v(98): case item expression never matches the case expression
Warning (12125): Using design file fmat_alu.v, which is not specified as a design file for the current project, but contains definitions for 1 design units and 1 entities in project
    Info (12023): Found entity 1: fmat_alu
Info (12128): Elaborating entity "fmat_alu" for hierarchy "fmat_alu:inst13"
Warning (10240): Verilog HDL Always Construct warning at fmat_alu.v(24): inferring latch(es) for variable "ovrflw_o", which holds its previous value in one or more paths through the always construct
Info (10041): Inferred latch for "ovrflw_o" at fmat_alu.v(24)
Info (12128): Elaborating entity "mux4_1" for hierarchy "mux4_1:inst12"
Info (12128): Elaborating entity "single_port_ram_with_init" for hierarchy "single_port_ram_with_init:inst6"
Info (12128): Elaborating entity "inst_rom" for hierarchy "inst_rom:inst9"
Warning (10272): Verilog HDL Case Statement warning at instrROM.v(17): case item expression covers a value already covered by a previous case item
Warning (10272): Verilog HDL Case Statement warning at instrROM.v(18): case item expression covers a value already covered by a previous case item
Warning (10272): Verilog HDL Case Statement warning at instrROM.v(19): case item expression covers a value already covered by a previous case item
Warning (10272): Verilog HDL Case Statement warning at instrROM.v(20): case item expression covers a value already covered by a previous case item
Warning (10272): Verilog HDL Case Statement warning at instrROM.v(21): case item expression covers a value already covered by a previous case item
Warning (10272): Verilog HDL Case Statement warning at instrROM.v(22): case item expression covers a value already covered by a previous case item
Warning (10272): Verilog HDL Case Statement warning at instrROM.v(23): case item expression covers a value already covered by a previous case item
Warning (10272): Verilog HDL Case Statement warning at instrROM.v(24): case item expression covers a value already covered by a previous case item
Warning (10272): Verilog HDL Case Statement warning at instrROM.v(25): case item expression covers a value already covered by a previous case item
Warning (10272): Verilog HDL Case Statement warning at instrROM.v(26): case item expression covers a value already covered by a previous case item
Warning (10272): Verilog HDL Case Statement warning at instrROM.v(27): case item expression covers a value already covered by a previous case item
Warning (10272): Verilog HDL Case Statement warning at instrROM.v(28): case item expression covers a value already covered by a previous case item
Warning (10272): Verilog HDL Case Statement warning at instrROM.v(30): case item expression covers a value already covered by a previous case item
Warning (10272): Verilog HDL Case Statement warning at instrROM.v(32): case item expression covers a value already covered by a previous case item
Warning (10272): Verilog HDL Case Statement warning at instrROM.v(33): case item expression covers a value already covered by a previous case item
Warning (10272): Verilog HDL Case Statement warning at instrROM.v(34): case item expression covers a value already covered by a previous case item
Warning (10272): Verilog HDL Case Statement warning at instrROM.v(35): case item expression covers a value already covered by a previous case item
Warning (10272): Verilog HDL Case Statement warning at instrROM.v(36): case item expression covers a value already covered by a previous case item
Warning (10272): Verilog HDL Case Statement warning at instrROM.v(37): case item expression covers a value already covered by a previous case item
Warning (10272): Verilog HDL Case Statement warning at instrROM.v(39): case item expression covers a value already covered by a previous case item
Warning (10272): Verilog HDL Case Statement warning at instrROM.v(41): case item expression covers a value already covered by a previous case item
Warning (10272): Verilog HDL Case Statement warning at instrROM.v(42): case item expression covers a value already covered by a previous case item
Warning (10272): Verilog HDL Case Statement warning at instrROM.v(43): case item expression covers a value already covered by a previous case item
Warning (10272): Verilog HDL Case Statement warning at instrROM.v(44): case item expression covers a value already covered by a previous case item
Warning (10272): Verilog HDL Case Statement warning at instrROM.v(45): case item expression covers a value already covered by a previous case item
Warning (10272): Verilog HDL Case Statement warning at instrROM.v(46): case item expression covers a value already covered by a previous case item
Warning (10272): Verilog HDL Case Statement warning at instrROM.v(48): case item expression covers a value already covered by a previous case item
Warning (10272): Verilog HDL Case Statement warning at instrROM.v(49): case item expression covers a value already covered by a previous case item
Warning (10272): Verilog HDL Case Statement warning at instrROM.v(50): case item expression covers a value already covered by a previous case item
Warning (10272): Verilog HDL Case Statement warning at instrROM.v(51): case item expression covers a value already covered by a previous case item
Warning (10272): Verilog HDL Case Statement warning at instrROM.v(52): case item expression covers a value already covered by a previous case item
Warning (10272): Verilog HDL Case Statement warning at instrROM.v(53): case item expression covers a value already covered by a previous case item
Warning (10272): Verilog HDL Case Statement warning at instrROM.v(55): case item expression covers a value already covered by a previous case item
Warning (10272): Verilog HDL Case Statement warning at instrROM.v(56): case item expression covers a value already covered by a previous case item
Warning (10272): Verilog HDL Case Statement warning at instrROM.v(57): case item expression covers a value already covered by a previous case item
Warning (10272): Verilog HDL Case Statement warning at instrROM.v(58): case item expression covers a value already covered by a previous case item
Warning (10272): Verilog HDL Case Statement warning at instrROM.v(59): case item expression covers a value already covered by a previous case item
Warning (10272): Verilog HDL Case Statement warning at instrROM.v(60): case item expression covers a value already covered by a previous case item
Warning (10272): Verilog HDL Case Statement warning at instrROM.v(62): case item expression covers a value already covered by a previous case item
Warning (10272): Verilog HDL Case Statement warning at instrROM.v(63): case item expression covers a value already covered by a previous case item
Warning (10272): Verilog HDL Case Statement warning at instrROM.v(64): case item expression covers a value already covered by a previous case item
Warning (10272): Verilog HDL Case Statement warning at instrROM.v(65): case item expression covers a value already covered by a previous case item
Warning (10272): Verilog HDL Case Statement warning at instrROM.v(66): case item expression covers a value already covered by a previous case item
Warning (10272): Verilog HDL Case Statement warning at instrROM.v(67): case item expression covers a value already covered by a previous case item
Warning (10272): Verilog HDL Case Statement warning at instrROM.v(68): case item expression covers a value already covered by a previous case item
Warning (10272): Verilog HDL Case Statement warning at instrROM.v(69): case item expression covers a value already covered by a previous case item
Warning (10272): Verilog HDL Case Statement warning at instrROM.v(70): case item expression covers a value already covered by a previous case item
Warning (10272): Verilog HDL Case Statement warning at instrROM.v(71): case item expression covers a value already covered by a previous case item
Warning (10272): Verilog HDL Case Statement warning at instrROM.v(73): case item expression covers a value already covered by a previous case item
Warning (10272): Verilog HDL Case Statement warning at instrROM.v(74): case item expression covers a value already covered by a previous case item
Warning (10272): Verilog HDL Case Statement warning at instrROM.v(75): case item expression covers a value already covered by a previous case item
Warning (10272): Verilog HDL Case Statement warning at instrROM.v(76): case item expression covers a value already covered by a previous case item
Warning (10272): Verilog HDL Case Statement warning at instrROM.v(77): case item expression covers a value already covered by a previous case item
Warning (10272): Verilog HDL Case Statement warning at instrROM.v(78): case item expression covers a value already covered by a previous case item
Warning (10272): Verilog HDL Case Statement warning at instrROM.v(79): case item expression covers a value already covered by a previous case item
Warning (10272): Verilog HDL Case Statement warning at instrROM.v(80): case item expression covers a value already covered by a previous case item
Warning (10272): Verilog HDL Case Statement warning at instrROM.v(81): case item expression covers a value already covered by a previous case item
Warning (10272): Verilog HDL Case Statement warning at instrROM.v(82): case item expression covers a value already covered by a previous case item
Warning (10272): Verilog HDL Case Statement warning at instrROM.v(83): case item expression covers a value already covered by a previous case item
Warning (10272): Verilog HDL Case Statement warning at instrROM.v(87): case item expression covers a value already covered by a previous case item
Warning (10272): Verilog HDL Case Statement warning at instrROM.v(88): case item expression covers a value already covered by a previous case item
Warning (10272): Verilog HDL Case Statement warning at instrROM.v(89): case item expression covers a value already covered by a previous case item
Warning (10272): Verilog HDL Case Statement warning at instrROM.v(90): case item expression covers a value already covered by a previous case item
Warning (10272): Verilog HDL Case Statement warning at instrROM.v(91): case item expression covers a value already covered by a previous case item
Warning (10272): Verilog HDL Case Statement warning at instrROM.v(92): case item expression covers a value already covered by a previous case item
Warning (10272): Verilog HDL Case Statement warning at instrROM.v(93): case item expression covers a value already covered by a previous case item
Warning (10272): Verilog HDL Case Statement warning at instrROM.v(94): case item expression covers a value already covered by a previous case item
Warning (10272): Verilog HDL Case Statement warning at instrROM.v(96): case item expression covers a value already covered by a previous case item
Warning (10272): Verilog HDL Case Statement warning at instrROM.v(97): case item expression covers a value already covered by a previous case item
Warning (10272): Verilog HDL Case Statement warning at instrROM.v(98): case item expression covers a value already covered by a previous case item
Warning (10272): Verilog HDL Case Statement warning at instrROM.v(100): case item expression covers a value already covered by a previous case item
Warning (10272): Verilog HDL Case Statement warning at instrROM.v(101): case item expression covers a value already covered by a previous case item
Warning (10272): Verilog HDL Case Statement warning at instrROM.v(102): case item expression covers a value already covered by a previous case item
Warning (10272): Verilog HDL Case Statement warning at instrROM.v(103): case item expression covers a value already covered by a previous case item
Warning (10272): Verilog HDL Case Statement warning at instrROM.v(104): case item expression covers a value already covered by a previous case item
Warning (10272): Verilog HDL Case Statement warning at instrROM.v(106): case item expression covers a value already covered by a previous case item
Warning (10272): Verilog HDL Case Statement warning at instrROM.v(107): case item expression covers a value already covered by a previous case item
Warning (10272): Verilog HDL Case Statement warning at instrROM.v(108): case item expression covers a value already covered by a previous case item
Warning (10272): Verilog HDL Case Statement warning at instrROM.v(110): case item expression covers a value already covered by a previous case item
Warning (10272): Verilog HDL Case Statement warning at instrROM.v(111): case item expression covers a value already covered by a previous case item
Warning (10272): Verilog HDL Case Statement warning at instrROM.v(112): case item expression covers a value already covered by a previous case item
Warning (10272): Verilog HDL Case Statement warning at instrROM.v(113): case item expression covers a value already covered by a previous case item
Warning (10272): Verilog HDL Case Statement warning at instrROM.v(114): case item expression covers a value already covered by a previous case item
Warning (10272): Verilog HDL Case Statement warning at instrROM.v(115): case item expression covers a value already covered by a previous case item
Warning (10272): Verilog HDL Case Statement warning at instrROM.v(116): case item expression covers a value already covered by a previous case item
Warning (10272): Verilog HDL Case Statement warning at instrROM.v(117): case item expression covers a value already covered by a previous case item
Warning (10272): Verilog HDL Case Statement warning at instrROM.v(118): case item expression covers a value already covered by a previous case item
Warning (10272): Verilog HDL Case Statement warning at instrROM.v(119): case item expression covers a value already covered by a previous case item
Warning (10272): Verilog HDL Case Statement warning at instrROM.v(121): case item expression covers a value already covered by a previous case item
Warning (10272): Verilog HDL Case Statement warning at instrROM.v(122): case item expression covers a value already covered by a previous case item
Warning (10272): Verilog HDL Case Statement warning at instrROM.v(123): case item expression covers a value already covered by a previous case item
Warning (10272): Verilog HDL Case Statement warning at instrROM.v(124): case item expression covers a value already covered by a previous case item
Warning (10272): Verilog HDL Case Statement warning at instrROM.v(125): case item expression covers a value already covered by a previous case item
Warning (10272): Verilog HDL Case Statement warning at instrROM.v(126): case item expression covers a value already covered by a previous case item
Warning (10272): Verilog HDL Case Statement warning at instrROM.v(127): case item expression covers a value already covered by a previous case item
Warning (10272): Verilog HDL Case Statement warning at instrROM.v(128): case item expression covers a value already covered by a previous case item
Warning (10272): Verilog HDL Case Statement warning at instrROM.v(129): case item expression covers a value already covered by a previous case item
Warning (10272): Verilog HDL Case Statement warning at instrROM.v(131): case item expression covers a value already covered by a previous case item
Warning (10272): Verilog HDL Case Statement warning at instrROM.v(132): case item expression covers a value already covered by a previous case item
Warning (10272): Verilog HDL Case Statement warning at instrROM.v(133): case item expression covers a value already covered by a previous case item
Warning (10272): Verilog HDL Case Statement warning at instrROM.v(134): case item expression covers a value already covered by a previous case item
Warning (10272): Verilog HDL Case Statement warning at instrROM.v(135): case item expression covers a value already covered by a previous case item
Warning (10272): Verilog HDL Case Statement warning at instrROM.v(137): case item expression covers a value already covered by a previous case item
Warning (10272): Verilog HDL Case Statement warning at instrROM.v(138): case item expression covers a value already covered by a previous case item
Warning (10272): Verilog HDL Case Statement warning at instrROM.v(139): case item expression covers a value already covered by a previous case item
Warning (10272): Verilog HDL Case Statement warning at instrROM.v(140): case item expression covers a value already covered by a previous case item
Warning (10272): Verilog HDL Case Statement warning at instrROM.v(141): case item expression covers a value already covered by a previous case item
Warning (10270): Verilog HDL Case Statement warning at instrROM.v(11): incomplete case statement has no default case item
Warning (10240): Verilog HDL Always Construct warning at instrROM.v(11): inferring latch(es) for variable "instr_o", which holds its previous value in one or more paths through the always construct
Info (10041): Inferred latch for "instr_o[0]" at instrROM.v(11)
Info (10041): Inferred latch for "instr_o[1]" at instrROM.v(11)
Info (10041): Inferred latch for "instr_o[2]" at instrROM.v(11)
Info (10041): Inferred latch for "instr_o[3]" at instrROM.v(11)
Info (10041): Inferred latch for "instr_o[4]" at instrROM.v(11)
Info (10041): Inferred latch for "instr_o[5]" at instrROM.v(11)
Info (10041): Inferred latch for "instr_o[6]" at instrROM.v(11)
Info (10041): Inferred latch for "instr_o[7]" at instrROM.v(11)
Info (12128): Elaborating entity "to_flag" for hierarchy "to_flag:inst3"
Info (16010): Generating hard_block partition "hard_block:auto_generated_inst"
    Info (16011): Adding 0 node(s), including 0 DDIO, 0 PLL, 0 transceiver and 0 LCELL
Warning (21074): Design contains 1 input pin(s) that do not drive logic
    Warning (15610): No output dependent on input pin "clk"
Info (21057): Implemented 1 device resources after synthesis - the final resource count might be different
    Info (21058): Implemented 1 input pins
    Info (21059): Implemented 0 output pins
Info: Quartus II 64-Bit Analysis & Synthesis was successful. 0 errors, 296 warnings
    Info: Peak virtual memory: 432 megabytes
    Info: Processing ended: Sun Feb 22 19:41:14 2015
    Info: Elapsed time: 00:00:03
    Info: Total CPU time (on all processors): 00:00:03


